SF:lib\models\question.dart
DA:9,2
LF:1
LH:1
end_of_record
SF:lib\models\topic.dart
DA:6,2
LF:1
LH:1
end_of_record
SF:lib\main.dart
DA:7,0
DA:8,0
DA:11,1
DA:12,1
DA:13,1
DA:15,1
DA:16,1
DA:17,1
DA:18,1
LF:9
LH:7
end_of_record
SF:lib\screens\home_screen.dart
DA:5,2
DA:7,1
DA:9,1
DA:10,1
DA:11,1
DA:14,1
DA:16,1
DA:17,1
DA:18,1
LF:9
LH:9
end_of_record
SF:lib\screens\question_screen.dart
DA:6,2
DA:8,1
DA:10,1
DA:11,1
DA:12,2
DA:13,1
DA:14,0
DA:15,0
LF:8
LH:6
end_of_record
SF:lib\screens\statistics_screen.dart
DA:5,2
DA:7,1
DA:9,1
DA:10,1
DA:11,1
LF:5
LH:5
end_of_record
SF:lib\providers\providers.dart
DA:5,2
DA:6,4
DA:8,5
DA:10,5
DA:12,4
LF:5
LH:5
end_of_record
SF:lib\widgets\home_body_widget.dart
DA:9,2
DA:11,1
DA:12,1
DA:15,1
DA:17,1
DA:19,3
DA:20,1
DA:21,2
DA:23,1
DA:24,1
DA:25,2
DA:26,1
DA:29,1
DA:30,2
DA:32,2
DA:33,1
DA:35,3
DA:36,2
DA:39,1
DA:42,3
DA:43,2
DA:46,3
DA:47,3
DA:50,3
DA:51,2
DA:53,1
DA:57,1
DA:59,2
LF:28
LH:28
end_of_record
SF:lib\widgets\question_body_widget.dart
DA:10,2
DA:12,1
DA:14,2
DA:15,1
DA:17,2
DA:20,1
DA:21,0
DA:24,2
DA:26,2
DA:28,2
DA:29,1
DA:30,1
DA:31,1
DA:32,0
DA:33,0
DA:34,1
DA:35,1
DA:36,2
DA:37,0
DA:38,0
DA:40,0
DA:43,0
DA:44,0
DA:49,0
DA:50,0
DA:53,0
DA:54,0
DA:56,0
DA:58,0
DA:60,0
DA:64,0
DA:65,0
DA:68,0
DA:69,0
DA:74,1
DA:76,2
LF:36
LH:17
end_of_record
SF:lib\widgets\statistics_body_widget.dart
DA:6,2
DA:8,1
DA:10,1
DA:11,1
DA:12,1
DA:13,2
DA:15,1
DA:16,0
DA:17,0
DA:18,1
DA:21,3
LF:11
LH:9
end_of_record
SF:lib\services\api_service.dart
DA:9,1
DA:11,2
DA:13,2
DA:15,2
DA:16,2
DA:20,1
DA:21,1
DA:22,2
DA:24,3
DA:27,1
DA:29,1
DA:30,1
DA:31,1
DA:32,2
DA:34,3
LF:15
LH:15
end_of_record
SF:lib\services\topic_service.dart
DA:9,1
DA:11,1
DA:12,1
DA:14,1
DA:15,0
DA:17,2
DA:18,1
DA:19,2
DA:20,1
DA:21,2
DA:23,3
DA:24,2
DA:27,3
DA:28,3
DA:31,3
DA:32,2
DA:34,1
DA:36,2
DA:39,1
DA:42,5
DA:47,1
DA:48,4
LF:22
LH:21
end_of_record
SF:lib\services\question_service.dart
DA:10,1
DA:11,2
DA:12,1
DA:14,2
DA:15,1
DA:16,2
DA:17,1
DA:18,1
DA:19,2
DA:23,0
DA:24,0
DA:29,3
DA:30,2
DA:33,2
DA:36,1
DA:41,1
DA:42,2
DA:43,1
DA:44,1
DA:47,2
DA:48,3
DA:49,3
DA:51,3
DA:53,1
DA:57,0
DA:62,1
DA:65,1
DA:66,1
DA:67,0
DA:68,0
DA:69,0
DA:72,3
DA:73,2
LF:33
LH:27
end_of_record
SF:lib\services\statistics_service.dart
DA:8,1
DA:9,1
DA:12,1
DA:13,1
DA:16,1
DA:17,2
DA:19,2
DA:20,3
DA:21,5
DA:23,0
DA:27,1
DA:28,2
DA:30,2
DA:32,5
DA:34,2
DA:35,2
DA:36,3
LF:17
LH:16
end_of_record
