SF:lib\models\question.dart
DA:9,7
LF:1
LH:1
end_of_record
SF:lib\models\topic.dart
DA:6,8
LF:1
LH:1
end_of_record
SF:lib\main.dart
DA:7,0
DA:8,0
DA:11,7
DA:12,7
DA:13,7
DA:15,7
DA:16,7
DA:17,4
DA:18,5
LF:9
LH:7
end_of_record
SF:lib\screens\home_screen.dart
DA:5,11
DA:7,7
DA:9,7
DA:10,7
DA:11,7
DA:14,7
DA:16,7
DA:17,4
DA:18,4
LF:9
LH:9
end_of_record
SF:lib\screens\question_screen.dart
DA:6,11
DA:8,4
DA:10,4
DA:11,4
DA:12,8
DA:13,4
DA:14,1
DA:15,1
LF:8
LH:8
end_of_record
SF:lib\screens\statistics_screen.dart
DA:5,11
DA:7,5
DA:9,5
DA:10,5
DA:11,5
LF:5
LH:5
end_of_record
SF:lib\providers\providers.dart
DA:5,8
DA:6,16
DA:8,25
DA:10,20
DA:12,16
LF:5
LH:5
end_of_record
SF:lib\widgets\home_body_widget.dart
DA:9,10
DA:11,4
DA:12,4
DA:15,7
DA:17,7
DA:19,15
DA:20,7
DA:21,14
DA:23,7
DA:24,3
DA:25,6
DA:26,5
DA:29,5
DA:38,10
DA:39,4
DA:41,5
DA:45,5
DA:47,10
DA:48,2
DA:50,6
DA:51,4
DA:54,2
DA:57,6
DA:58,4
DA:61,6
DA:62,6
DA:65,6
DA:66,4
DA:68,2
DA:72,5
DA:74,10
LF:31
LH:31
end_of_record
SF:lib\widgets\question_body_widget.dart
DA:10,10
DA:12,4
DA:14,8
DA:15,4
DA:17,8
DA:21,4
DA:22,0
DA:23,0
DA:26,4
DA:28,8
DA:30,8
DA:32,8
DA:33,4
DA:34,4
DA:35,2
DA:36,1
DA:37,1
DA:38,2
DA:39,2
DA:40,4
DA:41,0
DA:42,0
DA:44,0
DA:47,0
DA:48,0
DA:53,0
DA:54,0
DA:57,0
DA:58,0
DA:60,0
DA:62,0
DA:64,0
DA:68,0
DA:69,0
DA:72,0
DA:73,0
DA:78,4
DA:80,8
LF:38
LH:20
end_of_record
SF:lib\widgets\statistics_body_widget.dart
DA:6,10
DA:8,5
DA:10,5
DA:11,5
DA:12,5
DA:13,10
DA:15,2
DA:16,0
DA:17,0
DA:18,2
DA:21,6
LF:11
LH:9
end_of_record
SF:lib\services\api_service.dart
DA:9,8
DA:11,16
DA:13,16
DA:15,12
DA:16,12
DA:20,5
DA:21,5
DA:22,10
DA:24,15
DA:27,3
DA:29,3
DA:30,3
DA:31,3
DA:32,6
DA:34,9
LF:15
LH:15
end_of_record
SF:lib\services\topic_service.dart
DA:9,7
DA:11,7
DA:12,5
DA:14,5
DA:15,0
DA:17,10
DA:18,5
DA:19,10
DA:20,4
DA:21,8
DA:23,12
DA:24,8
DA:27,12
DA:28,12
DA:31,12
DA:32,8
DA:34,4
DA:36,10
DA:39,5
DA:42,25
DA:47,7
DA:48,28
LF:22
LH:21
end_of_record
SF:lib\services\question_service.dart
DA:10,4
DA:11,8
DA:12,4
DA:14,8
DA:15,4
DA:16,8
DA:17,2
DA:18,2
DA:19,4
DA:23,3
DA:24,2
DA:29,6
DA:30,4
DA:33,8
DA:36,4
DA:41,2
DA:42,4
DA:43,2
DA:44,2
DA:47,4
DA:48,6
DA:49,6
DA:51,6
DA:53,2
DA:57,0
DA:62,2
DA:65,6
DA:66,6
DA:67,3
DA:68,2
DA:69,1
DA:72,18
DA:73,12
LF:33
LH:32
end_of_record
SF:lib\services\statistics_service.dart
DA:8,5
DA:9,5
DA:12,2
DA:13,2
DA:16,2
DA:17,4
DA:19,4
DA:20,6
DA:21,10
DA:23,2
DA:27,2
DA:31,4
DA:33,4
DA:35,10
DA:37,4
DA:38,10
DA:42,2
LF:17
LH:17
end_of_record
